INFO: [HLS 200-10] Running 'D:/viivado/Vivado/2018.2/bin/unwrapped/win64.o/vivado_hls.exe'
INFO: [HLS 200-10] For user 'manish' on host 'desktop-ldgl0je' (Windows NT_amd64 version 6.2) on Mon Sep 02 19:07:51 +0530 2024
INFO: [HLS 200-10] In directory 'C:/Users/manish/Desktop/newmnist'
INFO: [HLS 200-10] Opening project 'C:/Users/manish/Desktop/newmnist/newmnist'.
INFO: [HLS 200-10] Opening solution 'C:/Users/manish/Desktop/newmnist/newmnist/solution1'.
INFO: [SYN 201-201] Setting up clock 'default' with a period of 10ns.
INFO: [HLS 200-10] Setting target device to 'xa7a12tcsg325-1q'
INFO: [SIM 211-2] *************** CSIM start ***************
INFO: [SIM 211-4] CSIM will launch GCC as the compiler.
   Compiling(apcc) ../../../../mnist_original_test_suite.c in debug mode
INFO: [HLS 200-10] Running 'D:/viivado/Vivado/2018.2/bin/unwrapped/win64.o/apcc.exe'
INFO: [HLS 200-10] For user 'manish' on host 'desktop-ldgl0je' (Windows NT_amd64 version 6.2) on Mon Sep 02 19:07:55 +0530 2024
INFO: [HLS 200-10] In directory 'C:/Users/manish/Desktop/newmnist/newmnist/solution1/csim/build'
INFO: [APCC 202-3] Tmp directory is apcc_db
INFO: [APCC 202-1] APCC is done.
   Generating csim.exe
Average time over 10 tests: 1.499000e-001 s 
Max absolute error for 10 tests: 7.920786e-001 
@E Simulation failed: Function 'main' returns nonzero value '1'.
ERROR: [SIM 211-100] 'csim_design' failed: nonzero return value.
INFO: [SIM 211-3] *************** CSIM finish ***************
4
    while executing
"source C:/Users/manish/Desktop/newmnist/newmnist/solution1/csim.tcl"
    invoked from within
"hls::main C:/Users/manish/Desktop/newmnist/newmnist/solution1/csim.tcl"
    ("uplevel" body line 1)
    invoked from within
"uplevel 1 hls::main {*}$args"
    (procedure "hls_proc" line 5)
    invoked from within
"hls_proc $argv"
